<?xml version="1.0" encoding="UTF-8"?>
<!-- Generated by org.testng.reporters.JUnitXMLReporter -->
<testsuite ignored="0" hostname="MSI" failures="0" tests="4" name="Test" time="3.937" errors="0" timestamp="21 Nov 2020 20:36:19 GMT">
  <testcase classname="Academy.E2EProject.HomePage" name="@BeforeTest initialization" time="3.853">
    <failure type="java.lang.NullPointerException">
      <![CDATA[java.lang.NullPointerException
at Academy.E2EProject.HomePage.initialization(HomePage.java:20)
... Removed 24 stack frames]]>
    </failure>
  </testcase> <!-- @BeforeTest initialization -->
  <testcase classname="Academy.E2EProject.getNavBar" name="@BeforeTest initialization" time="0.0">
    <skipped/>
  </testcase> <!-- @BeforeTest initialization -->
  <testcase classname="Academy.E2EProject.validateTitle" name="@BeforeTest initialization" time="0.0">
    <skipped/>
  </testcase> <!-- @BeforeTest initialization -->
  <testcase classname="Academy.E2EProject.HomePage" name="@AfterTest teardown" time="0.0">
    <skipped/>
  </testcase> <!-- @AfterTest teardown -->
  <testcase classname="Academy.E2EProject.getNavBar" name="@AfterTest teardown" time="0.0">
    <skipped/>
  </testcase> <!-- @AfterTest teardown -->
  <testcase classname="Academy.E2EProject.validateTitle" name="@AfterTest teardown" time="0.0">
    <skipped/>
  </testcase> <!-- @AfterTest teardown -->
  <testcase classname="Academy.E2EProject.validateTitle" name="BasePageNavigation" time="0.0">
    <skipped/>
  </testcase> <!-- BasePageNavigation -->
  <testcase classname="Academy.E2EProject.HomePage" name="BasePageNavigation" time="0.0">
    <skipped/>
  </testcase> <!-- BasePageNavigation -->
  <testcase classname="Academy.E2EProject.HomePage" name="BasePageNavigation" time="0.0">
    <skipped/>
  </testcase> <!-- BasePageNavigation -->
  <testcase classname="Academy.E2EProject.getNavBar" name="BasePageNavigation" time="0.0">
    <skipped/>
  </testcase> <!-- BasePageNavigation -->
</testsuite> <!-- Test -->
